<?xml version="1.0" encoding="UTF-8"?>
<!-- Generated by org.testng.reporters.JUnitReportReporter -->
<testsuite hostname="bhawna3151164" name="testcases.OpenAccountTest" tests="1" failures="0" timestamp="3 May 2020 15:28:28 GMT" time="0.883" errors="0">
  <testcase name="openAccountTest" time="0.883" classname="testcases.OpenAccountTest"/>
</testsuite> <!-- testcases.OpenAccountTest -->
