<?xml version="1.0" encoding="UTF-8"?>
<!-- Generated by org.testng.reporters.JUnitReportReporter -->
<testsuite hostname="bhawna3151164" name="testcases.AddCustomerTest1" tests="1" failures="0" timestamp="28 Apr 2020 19:34:31 GMT" time="12.354" errors="0">
  <testcase name="addCustomer1" time="12.354" classname="testcases.AddCustomerTest1"/>
</testsuite> <!-- testcases.AddCustomerTest1 -->
