<?xml version="1.0" encoding="UTF-8"?>
<!-- Generated by org.testng.reporters.JUnitReportReporter -->
<testsuite skipped="0" hostname="bhawna3151164" name="testcases.OpenAccountTest" tests="1" failures="0" timestamp="2020-05-03T23:21:58 GMT+05:30" time="0.843" errors="0">
  <testcase name="openAccountTest" time="0.843" classname="testcases.OpenAccountTest"/>
  <system-out/>
</testsuite> <!-- testcases.OpenAccountTest -->
