<?xml version="1.0" encoding="UTF-8"?>
<!-- Generated by org.testng.reporters.JUnitReportReporter -->
<testsuite skipped="0" hostname="bhawna3151164" name="testcases.AddCustomerTest" tests="4" failures="0" timestamp="2020-05-03T23:21:58 GMT+05:30" time="13.995" errors="0">
  <testcase name="addCustomerTest" time="3.437" classname="testcases.AddCustomerTest"/>
  <system-out/>
  <testcase name="addCustomerTest" time="3.500" classname="testcases.AddCustomerTest"/>
  <system-out/>
  <testcase name="addCustomerTest" time="3.462" classname="testcases.AddCustomerTest"/>
  <system-out/>
  <testcase name="addCustomerTest" time="3.596" classname="testcases.AddCustomerTest"/>
  <system-out/>
</testsuite> <!-- testcases.AddCustomerTest -->
