<?xml version="1.0" encoding="UTF-8"?>
<!-- Generated by org.testng.reporters.JUnitReportReporter -->
<testsuite skipped="0" hostname="bhawna3151164" name="testcases.LoginTest" tests="1" failures="0" timestamp="2020-05-03T23:21:58 GMT+05:30" time="3.213" errors="0">
  <testcase name="loginAsManager" time="3.213" classname="testcases.LoginTest"/>
  <system-out>
Login successfully executed  </system-out>
</testsuite> <!-- testcases.LoginTest -->
